Determining if the pthread_create exist failed with the following output:
Change Dir: /home/pat/Projects/Game/bovo/cli/Bovo/linux-build/CMakeFiles/CMakeTmp

Run Build Command(s):/usr/bin/make cmTC_9500c/fast 
/usr/bin/make -f CMakeFiles/cmTC_9500c.dir/build.make CMakeFiles/cmTC_9500c.dir/build
make[1]: Entering directory '/home/pat/Projects/Game/bovo/cli/Bovo/linux-build/CMakeFiles/CMakeTmp'
Building C object CMakeFiles/cmTC_9500c.dir/CheckSymbolExists.c.o
/usr/bin/cc    -o CMakeFiles/cmTC_9500c.dir/CheckSymbolExists.c.o   -c /home/pat/Projects/Game/bovo/cli/Bovo/linux-build/CMakeFiles/CMakeTmp/CheckSymbolExists.c
Linking C executable cmTC_9500c
/usr/bin/cmake -E cmake_link_script CMakeFiles/cmTC_9500c.dir/link.txt --verbose=1
/usr/bin/cc      CMakeFiles/cmTC_9500c.dir/CheckSymbolExists.c.o  -o cmTC_9500c 
/usr/bin/ld: CMakeFiles/cmTC_9500c.dir/CheckSymbolExists.c.o: in function `main':
CheckSymbolExists.c:(.text+0x1b): undefined reference to `pthread_create'
collect2: error: ld returned 1 exit status
make[1]: *** [CMakeFiles/cmTC_9500c.dir/build.make:87: cmTC_9500c] Error 1
make[1]: Leaving directory '/home/pat/Projects/Game/bovo/cli/Bovo/linux-build/CMakeFiles/CMakeTmp'
make: *** [Makefile:121: cmTC_9500c/fast] Error 2

File /home/pat/Projects/Game/bovo/cli/Bovo/linux-build/CMakeFiles/CMakeTmp/CheckSymbolExists.c:
/* */
#include <pthread.h>

int main(int argc, char** argv)
{
  (void)argv;
#ifndef pthread_create
  return ((int*)(&pthread_create))[argc];
#else
  (void)argc;
  return 0;
#endif
}

Determining if the function pthread_create exists in the pthreads failed with the following output:
Change Dir: /home/pat/Projects/Game/bovo/cli/Bovo/linux-build/CMakeFiles/CMakeTmp

Run Build Command(s):/usr/bin/make cmTC_624c8/fast 
/usr/bin/make -f CMakeFiles/cmTC_624c8.dir/build.make CMakeFiles/cmTC_624c8.dir/build
make[1]: Entering directory '/home/pat/Projects/Game/bovo/cli/Bovo/linux-build/CMakeFiles/CMakeTmp'
Building C object CMakeFiles/cmTC_624c8.dir/CheckFunctionExists.c.o
/usr/bin/cc   -DCHECK_FUNCTION_EXISTS=pthread_create   -o CMakeFiles/cmTC_624c8.dir/CheckFunctionExists.c.o   -c /usr/share/cmake-3.14/Modules/CheckFunctionExists.c
Linking C executable cmTC_624c8
/usr/bin/cmake -E cmake_link_script CMakeFiles/cmTC_624c8.dir/link.txt --verbose=1
/usr/bin/cc  -DCHECK_FUNCTION_EXISTS=pthread_create    CMakeFiles/cmTC_624c8.dir/CheckFunctionExists.c.o  -o cmTC_624c8 -lpthreads 
/usr/bin/ld: cannot find -lpthreads
collect2: error: ld returned 1 exit status
make[1]: *** [CMakeFiles/cmTC_624c8.dir/build.make:87: cmTC_624c8] Error 1
make[1]: Leaving directory '/home/pat/Projects/Game/bovo/cli/Bovo/linux-build/CMakeFiles/CMakeTmp'
make: *** [Makefile:121: cmTC_624c8/fast] Error 2


